#
# A fatal error has been detected by the Java Runtime Environment:
#
#  EXCEPTION_ACCESS_VIOLATION (0xc0000005) at pc=0x00007ffb75639f59, pid=78472, tid=72368
#
# JRE version: Java(TM) SE Runtime Environment 18.9 (11.0.12+8) (build 11.0.12+8-LTS-237)
# Java VM: Java HotSpot(TM) 64-Bit Server VM 18.9 (11.0.12+8-LTS-237, mixed mode, tiered, compressed oops, g1 gc, windows-amd64)
# Problematic frame:
# C  [glpk_4_65.dll+0x49f59]
#
# No core dump will be written. Minidumps are not enabled by default on client versions of Windows
#
# If you would like to submit a bug report, please visit:
#   https://bugreport.java.com/bugreport/crash.jsp
# The crash happened outside the Java Virtual Machine in native code.
# See problematic frame for where to report the bug.
#

---------------  S U M M A R Y ------------

Command Line: -agentlib:jdwp=transport=dt_socket,address=127.0.0.1:64895,suspend=y,server=n -XX:TieredStopAtLevel=1 -Xverify:none -Dspring.output.ansi.enabled=always -javaagent:C:\Users\patri\AppData\Local\JetBrains\IntelliJIdea2021.2\captureAgent\debugger-agent.jar -Dcom.sun.management.jmxremote -Dspring.jmx.enabled=true -Dspring.liveBeansView.mbeanDomain -Dspring.application.admin.enabled=true -Dfile.encoding=UTF-8 com.example.agricultureoptimizerbackend.AgricultureOptimizerBackendApplication

Host: Intel(R) Core(TM) i5-10210U CPU @ 1.60GHz, 8 cores, 7G,  Windows 10 , 64 bit Build 22000 (10.0.22000.708)
Time: Sun Aug 21 11:38:25 2022 Hora oficial do Brasil elapsed time: 811.408754 seconds (0d 0h 13m 31s)

---------------  T H R E A D  ---------------

Current thread (0x000001e3003da800):  JavaThread "http-nio-8080-exec-6" daemon [_thread_in_native, id=72368, stack(0x000000d21e800000,0x000000d21e900000)]

Stack: [0x000000d21e800000,0x000000d21e900000],  sp=0x000000d21e8fb600,  free space=1005k
Native frames: (J=compiled Java code, j=interpreted, Vv=VM code, C=native code)
C  [glpk_4_65.dll+0x49f59]

Java frames: (J=compiled Java code, j=interpreted, Vv=VM code)
j  org.gnu.glpk.GLPKJNI.glp_simplex(JLorg/gnu/glpk/glp_prob;JLorg/gnu/glpk/glp_smcp;)I+0
j  org.gnu.glpk.GLPK.glp_simplex(Lorg/gnu/glpk/glp_prob;Lorg/gnu/glpk/glp_smcp;)I+10
j  com.example.agricultureoptimizerbackend.controllers.MainController.solve(Ljavax/servlet/http/HttpServletResponse;Lcom/example/agricultureoptimizerbackend/model/InputData;)Lorg/springframework/http/ResponseEntity;+405
v  ~StubRoutines::call_stub
J 2689  jdk.internal.reflect.NativeMethodAccessorImpl.invoke0(Ljava/lang/reflect/Method;Ljava/lang/Object;[Ljava/lang/Object;)Ljava/lang/Object; java.base@11.0.12 (0 bytes) @ 0x000001e364cddf3f [0x000001e364cddec0+0x000000000000007f]
J 2688 c1 jdk.internal.reflect.NativeMethodAccessorImpl.invoke(Ljava/lang/Object;[Ljava/lang/Object;)Ljava/lang/Object; java.base@11.0.12 (104 bytes) @ 0x000001e364cde7b4 [0x000001e364cde420+0x0000000000000394]
J 2506 c1 jdk.internal.reflect.DelegatingMethodAccessorImpl.invoke(Ljava/lang/Object;[Ljava/lang/Object;)Ljava/lang/Object; java.base@11.0.12 (10 bytes) @ 0x000001e364c8fe1c [0x000001e364c8fdc0+0x000000000000005c]
J 2510 c1 java.lang.reflect.Method.invoke(Ljava/lang/Object;[Ljava/lang/Object;)Ljava/lang/Object; java.base@11.0.12 (65 bytes) @ 0x000001e364c9127c [0x000001e364c91160+0x000000000000011c]
j  org.springframework.web.method.support.InvocableHandlerMethod.doInvoke([Ljava/lang/Object;)Ljava/lang/Object;+28
j  org.springframework.web.method.support.InvocableHandlerMethod.invokeForRequest(Lorg/springframework/web/context/request/NativeWebRequest;Lorg/springframework/web/method/support/ModelAndViewContainer;[Ljava/lang/Object;)Ljava/lang/Object;+54
j  org.springframework.web.servlet.mvc.method.annotation.ServletInvocableHandlerMethod.invokeAndHandle(Lorg/springframework/web/context/request/ServletWebRequest;Lorg/springframework/web/method/support/ModelAndViewContainer;[Ljava/lang/Object;)V+4
j  org.springframework.web.servlet.mvc.method.annotation.RequestMappingHandlerAdapter.invokeHandlerMethod(Ljavax/servlet/http/HttpServletRequest;Ljavax/servlet/http/HttpServletResponse;Lorg/springframework/web/method/HandlerMethod;)Lorg/springframework/web/servlet/ModelAndView;+244
j  org.springframework.web.servlet.mvc.method.annotation.RequestMappingHandlerAdapter.handleInternal(Ljavax/servlet/http/HttpServletRequest;Ljavax/servlet/http/HttpServletResponse;Lorg/springframework/web/method/HandlerMethod;)Lorg/springframework/web/servlet/ModelAndView;+81
j  org.springframework.web.servlet.mvc.method.AbstractHandlerMethodAdapter.handle(Ljavax/servlet/http/HttpServletRequest;Ljavax/servlet/http/HttpServletResponse;Ljava/lang/Object;)Lorg/springframework/web/servlet/ModelAndView;+7
j  org.springframework.web.servlet.DispatcherServlet.doDispatch(Ljavax/servlet/http/HttpServletRequest;Ljavax/servlet/http/HttpServletResponse;)V+259
j  org.springframework.web.servlet.DispatcherServlet.doService(Ljavax/servlet/http/HttpServletRequest;Ljavax/servlet/http/HttpServletResponse;)V+241
j  org.springframework.web.servlet.FrameworkServlet.processRequest(Ljavax/servlet/http/HttpServletRequest;Ljavax/servlet/http/HttpServletResponse;)V+71
j  org.springframework.web.servlet.FrameworkServlet.doPost(Ljavax/servlet/http/HttpServletRequest;Ljavax/servlet/http/HttpServletResponse;)V+3
j  javax.servlet.http.HttpServlet.service(Ljavax/servlet/http/HttpServletRequest;Ljavax/servlet/http/HttpServletResponse;)V+149
j  org.springframework.web.servlet.FrameworkServlet.service(Ljavax/servlet/http/HttpServletRequest;Ljavax/servlet/http/HttpServletResponse;)V+33
j  javax.servlet.http.HttpServlet.service(Ljavax/servlet/ServletRequest;Ljavax/servlet/ServletResponse;)V+36
j  org.apache.catalina.core.ApplicationFilterChain.internalDoFilter(Ljavax/servlet/ServletRequest;Ljavax/servlet/ServletResponse;)V+304
j  org.apache.catalina.core.ApplicationFilterChain.doFilter(Ljavax/servlet/ServletRequest;Ljavax/servlet/ServletResponse;)V+99
j  org.apache.tomcat.websocket.server.WsFilter.doFilter(Ljavax/servlet/ServletRequest;Ljavax/servlet/ServletResponse;Ljavax/servlet/FilterChain;)V+21
j  org.apache.catalina.core.ApplicationFilterChain.internalDoFilter(Ljavax/servlet/ServletRequest;Ljavax/servlet/ServletResponse;)V+135
j  org.apache.catalina.core.ApplicationFilterChain.doFilter(Ljavax/servlet/ServletRequest;Ljavax/servlet/ServletResponse;)V+99
j  org.springframework.security.web.FilterChainProxy$VirtualFilterChain.doFilter(Ljavax/servlet/ServletRequest;Ljavax/servlet/ServletResponse;)V+52
j  org.springframework.security.web.access.intercept.FilterSecurityInterceptor.invoke(Lorg/springframework/security/web/FilterInvocation;)V+79
j  org.springframework.security.web.access.intercept.FilterSecurityInterceptor.doFilter(Ljavax/servlet/ServletRequest;Ljavax/servlet/ServletResponse;Ljavax/servlet/FilterChain;)V+11
j  org.springframework.security.web.FilterChainProxy$VirtualFilterChain.doFilter(Ljavax/servlet/ServletRequest;Ljavax/servlet/ServletResponse;)V+136
j  org.springframework.security.web.access.ExceptionTranslationFilter.doFilter(Ljavax/servlet/http/HttpServletRequest;Ljavax/servlet/http/HttpServletResponse;Ljavax/servlet/FilterChain;)V+3
j  org.springframework.security.web.access.ExceptionTranslationFilter.doFilter(Ljavax/servlet/ServletRequest;Ljavax/servlet/ServletResponse;Ljavax/servlet/FilterChain;)V+10
j  org.springframework.security.web.FilterChainProxy$VirtualFilterChain.doFilter(Ljavax/servlet/ServletRequest;Ljavax/servlet/ServletResponse;)V+136
j  org.springframework.security.web.session.SessionManagementFilter.doFilter(Ljavax/servlet/http/HttpServletRequest;Ljavax/servlet/http/HttpServletResponse;Ljavax/servlet/FilterChain;)V+210
j  org.springframework.security.web.session.SessionManagementFilter.doFilter(Ljavax/servlet/ServletRequest;Ljavax/servlet/ServletResponse;Ljavax/servlet/FilterChain;)V+10
j  org.springframework.security.web.FilterChainProxy$VirtualFilterChain.doFilter(Ljavax/servlet/ServletRequest;Ljavax/servlet/ServletResponse;)V+136
j  org.springframework.security.web.authentication.AnonymousAuthenticationFilter.doFilter(Ljavax/servlet/ServletRequest;Ljavax/servlet/ServletResponse;Ljavax/servlet/FilterChain;)V+118
j  org.springframework.security.web.FilterChainProxy$VirtualFilterChain.doFilter(Ljavax/servlet/ServletRequest;Ljavax/servlet/ServletResponse;)V+136
j  org.springframework.security.web.servletapi.SecurityContextHolderAwareRequestFilter.doFilter(Ljavax/servlet/ServletRequest;Ljavax/servlet/ServletResponse;Ljavax/servlet/FilterChain;)V+19
j  org.springframework.security.web.FilterChainProxy$VirtualFilterChain.doFilter(Ljavax/servlet/ServletRequest;Ljavax/servlet/ServletResponse;)V+136
j  org.springframework.security.web.savedrequest.RequestCacheAwareFilter.doFilter(Ljavax/servlet/ServletRequest;Ljavax/servlet/ServletResponse;Ljavax/servlet/FilterChain;)V+32
j  org.springframework.security.web.FilterChainProxy$VirtualFilterChain.doFilter(Ljavax/servlet/ServletRequest;Ljavax/servlet/ServletResponse;)V+136
j  org.springframework.security.web.authentication.logout.LogoutFilter.doFilter(Ljavax/servlet/http/HttpServletRequest;Ljavax/servlet/http/HttpServletResponse;Ljavax/servlet/FilterChain;)V+77
j  org.springframework.security.web.authentication.logout.LogoutFilter.doFilter(Ljavax/servlet/ServletRequest;Ljavax/servlet/ServletResponse;Ljavax/servlet/FilterChain;)V+10
j  org.springframework.security.web.FilterChainProxy$VirtualFilterChain.doFilter(Ljavax/servlet/ServletRequest;Ljavax/servlet/ServletResponse;)V+136
j  org.springframework.security.web.header.HeaderWriterFilter.doHeadersAfter(Ljavax/servlet/http/HttpServletRequest;Ljavax/servlet/http/HttpServletResponse;Ljavax/servlet/FilterChain;)V+29
j  org.springframework.security.web.header.HeaderWriterFilter.doFilterInternal(Ljavax/servlet/http/HttpServletRequest;Ljavax/servlet/http/HttpServletResponse;Ljavax/servlet/FilterChain;)V+21
j  org.springframework.web.filter.OncePerRequestFilter.doFilter(Ljavax/servlet/ServletRequest;Ljavax/servlet/ServletResponse;Ljavax/servlet/FilterChain;)V+147
j  org.springframework.security.web.FilterChainProxy$VirtualFilterChain.doFilter(Ljavax/servlet/ServletRequest;Ljavax/servlet/ServletResponse;)V+136
j  org.springframework.security.web.context.SecurityContextPersistenceFilter.doFilter(Ljavax/servlet/http/HttpServletRequest;Ljavax/servlet/http/HttpServletResponse;Ljavax/servlet/FilterChain;)V+181
j  org.springframework.security.web.context.SecurityContextPersistenceFilter.doFilter(Ljavax/servlet/ServletRequest;Ljavax/servlet/ServletResponse;Ljavax/servlet/FilterChain;)V+10
j  org.springframework.security.web.FilterChainProxy$VirtualFilterChain.doFilter(Ljavax/servlet/ServletRequest;Ljavax/servlet/ServletResponse;)V+136
j  org.springframework.security.web.context.request.async.WebAsyncManagerIntegrationFilter.doFilterInternal(Ljavax/servlet/http/HttpServletRequest;Ljavax/servlet/http/HttpServletResponse;Ljavax/servlet/FilterChain;)V+42
j  org.springframework.web.filter.OncePerRequestFilter.doFilter(Ljavax/servlet/ServletRequest;Ljavax/servlet/ServletResponse;Ljavax/servlet/FilterChain;)V+147
j  org.springframework.security.web.FilterChainProxy$VirtualFilterChain.doFilter(Ljavax/servlet/ServletRequest;Ljavax/servlet/ServletResponse;)V+136
j  org.springframework.security.web.session.DisableEncodeUrlFilter.doFilterInternal(Ljavax/servlet/http/HttpServletRequest;Ljavax/servlet/http/HttpServletResponse;Ljavax/servlet/FilterChain;)V+11
j  org.springframework.web.filter.OncePerRequestFilter.doFilter(Ljavax/servlet/ServletRequest;Ljavax/servlet/ServletResponse;Ljavax/servlet/FilterChain;)V+147
j  org.springframework.security.web.FilterChainProxy$VirtualFilterChain.doFilter(Ljavax/servlet/ServletRequest;Ljavax/servlet/ServletResponse;)V+136
j  org.springframework.security.web.FilterChainProxy.doFilterInternal(Ljavax/servlet/ServletRequest;Ljavax/servlet/ServletResponse;Ljavax/servlet/FilterChain;)V+148
j  org.springframework.security.web.FilterChainProxy.doFilter(Ljavax/servlet/ServletRequest;Ljavax/servlet/ServletResponse;Ljavax/servlet/FilterChain;)V+48
j  org.springframework.web.filter.DelegatingFilterProxy.invokeDelegate(Ljavax/servlet/Filter;Ljavax/servlet/ServletRequest;Ljavax/servlet/ServletResponse;Ljavax/servlet/FilterChain;)V+5
j  org.springframework.web.filter.DelegatingFilterProxy.doFilter(Ljavax/servlet/ServletRequest;Ljavax/servlet/ServletResponse;Ljavax/servlet/FilterChain;)V+85
j  org.apache.catalina.core.ApplicationFilterChain.internalDoFilter(Ljavax/servlet/ServletRequest;Ljavax/servlet/ServletResponse;)V+135
j  org.apache.catalina.core.ApplicationFilterChain.doFilter(Ljavax/servlet/ServletRequest;Ljavax/servlet/ServletResponse;)V+99
j  org.springframework.web.filter.RequestContextFilter.doFilterInternal(Ljavax/servlet/http/HttpServletRequest;Ljavax/servlet/http/HttpServletResponse;Ljavax/servlet/FilterChain;)V+21
j  org.springframework.web.filter.OncePerRequestFilter.doFilter(Ljavax/servlet/ServletRequest;Ljavax/servlet/ServletResponse;Ljavax/servlet/FilterChain;)V+147
j  org.apache.catalina.core.ApplicationFilterChain.internalDoFilter(Ljavax/servlet/ServletRequest;Ljavax/servlet/ServletResponse;)V+135
j  org.apache.catalina.core.ApplicationFilterChain.doFilter(Ljavax/servlet/ServletRequest;Ljavax/servlet/ServletResponse;)V+99
j  org.springframework.web.filter.FormContentFilter.doFilterInternal(Ljavax/servlet/http/HttpServletRequest;Ljavax/servlet/http/HttpServletResponse;Ljavax/servlet/FilterChain;)V+38
j  org.springframework.web.filter.OncePerRequestFilter.doFilter(Ljavax/servlet/ServletRequest;Ljavax/servlet/ServletResponse;Ljavax/servlet/FilterChain;)V+147
j  org.apache.catalina.core.ApplicationFilterChain.internalDoFilter(Ljavax/servlet/ServletRequest;Ljavax/servlet/ServletResponse;)V+135
j  org.apache.catalina.core.ApplicationFilterChain.doFilter(Ljavax/servlet/ServletRequest;Ljavax/servlet/ServletResponse;)V+99
j  org.springframework.web.filter.CharacterEncodingFilter.doFilterInternal(Ljavax/servlet/http/HttpServletRequest;Ljavax/servlet/http/HttpServletResponse;Ljavax/servlet/FilterChain;)V+53
j  org.springframework.web.filter.OncePerRequestFilter.doFilter(Ljavax/servlet/ServletRequest;Ljavax/servlet/ServletResponse;Ljavax/servlet/FilterChain;)V+147
j  org.apache.catalina.core.ApplicationFilterChain.internalDoFilter(Ljavax/servlet/ServletRequest;Ljavax/servlet/ServletResponse;)V+135
j  org.apache.catalina.core.ApplicationFilterChain.doFilter(Ljavax/servlet/ServletRequest;Ljavax/servlet/ServletResponse;)V+99
j  org.apache.catalina.core.StandardWrapperValve.invoke(Lorg/apache/catalina/connector/Request;Lorg/apache/catalina/connector/Response;)V+694
j  org.apache.catalina.core.StandardContextValve.invoke(Lorg/apache/catalina/connector/Request;Lorg/apache/catalina/connector/Response;)V+169
j  org.apache.catalina.authenticator.AuthenticatorBase.invoke(Lorg/apache/catalina/connector/Request;Lorg/apache/catalina/connector/Response;)V+260
j  org.apache.catalina.core.StandardHostValve.invoke(Lorg/apache/catalina/connector/Request;Lorg/apache/catalina/connector/Response;)V+128
j  org.apache.catalina.valves.ErrorReportValve.invoke(Lorg/apache/catalina/connector/Request;Lorg/apache/catalina/connector/Response;)V+6
j  org.apache.catalina.core.StandardEngineValve.invoke(Lorg/apache/catalina/connector/Request;Lorg/apache/catalina/connector/Response;)V+59
j  org.apache.catalina.connector.CoyoteAdapter.service(Lorg/apache/coyote/Request;Lorg/apache/coyote/Response;)V+203
j  org.apache.coyote.http11.Http11Processor.service(Lorg/apache/tomcat/util/net/SocketWrapperBase;)Lorg/apache/tomcat/util/net/AbstractEndpoint$Handler$SocketState;+796
j  org.apache.coyote.AbstractProcessorLight.process(Lorg/apache/tomcat/util/net/SocketWrapperBase;Lorg/apache/tomcat/util/net/SocketEvent;)Lorg/apache/tomcat/util/net/AbstractEndpoint$Handler$SocketState;+170
j  org.apache.coyote.AbstractProtocol$ConnectionHandler.process(Lorg/apache/tomcat/util/net/SocketWrapperBase;Lorg/apache/tomcat/util/net/SocketEvent;)Lorg/apache/tomcat/util/net/AbstractEndpoint$Handler$SocketState;+489
j  org.apache.tomcat.util.net.NioEndpoint$SocketProcessor.doRun()V+249
j  org.apache.tomcat.util.net.SocketProcessorBase.run()V+21
j  org.apache.tomcat.util.threads.ThreadPoolExecutor.runWorker(Lorg/apache/tomcat/util/threads/ThreadPoolExecutor$Worker;)V+92
j  org.apache.tomcat.util.threads.ThreadPoolExecutor$Worker.run()V+5
j  org.apache.tomcat.util.threads.TaskThread$WrappingRunnable.run()V+4
j  java.lang.Thread.run()V+11 java.base@11.0.12
v  ~StubRoutines::call_stub

siginfo: EXCEPTION_ACCESS_VIOLATION (0xc0000005), reading address 0xffffffffffffffff


Register to memory mapping:

RIP=0x00007ffb75639f59 glpk_4_65.dll
RAX=0x00009c0000000000 is an unknown value
RBX=0x000000d21e8fb640 is pointing into the stack for thread: 0x000001e3003da800
RCX=0x000001e37be56878 points into unknown readable memory: 0x00009c0000000000 | 00 00 00 00 00 9c 00 00
RDX=0x000000000000000a is an unknown value
RSP=0x000000d21e8fb600 is pointing into the stack for thread: 0x000001e3003da800
RBP=0x0 is NULL
RSI=0x000001e3001b9b10 points into unknown readable memory: 0x0000000000000001 | 01 00 00 00 00 00 00 00
RDI=0x0000000000000001 is an unknown value
R8 =0x0000000000000002 is an unknown value
R9 =0x000000d21e8fba48 is pointing into the stack for thread: 0x000001e3003da800
R10=0x000001e3641a6013 is at code_begin+1971 in an Interpreter codelet
method entry point (kind = native)  [0x000001e3641a5860, 0x000001e3641a6b60]  4864 bytes
R11=0x000000008b8412b8 is an oop: java.lang.Class 
{0x000000008b8412b8} - klass: 'java/lang/Class'
R12=0x0 is NULL
R13={method} {0x000001e300fdb3e0} 'glp_simplex' '(JLorg/gnu/glpk/glp_prob;JLorg/gnu/glpk/glp_smcp;)I' in 'org/gnu/glpk/GLPKJNI'
R14=0x0000000000000110 is an unknown value
R15=0x000001e3003da800 is a thread


Registers:
RAX=0x00009c0000000000, RBX=0x000000d21e8fb640, RCX=0x000001e37be56878, RDX=0x000000000000000a
RSP=0x000000d21e8fb600, RBP=0x0000000000000000, RSI=0x000001e3001b9b10, RDI=0x0000000000000001
R8 =0x0000000000000002, R9 =0x000000d21e8fba48, R10=0x000001e3641a6013, R11=0x000000008b8412b8
R12=0x0000000000000000, R13=0x000001e300fdb3d8, R14=0x0000000000000110, R15=0x000001e3003da800
RIP=0x00007ffb75639f59, EFLAGS=0x0000000000010206

Top of Stack: (sp=0x000000d21e8fb600)
0x000000d21e8fb600:   000001e30039fbf0 000001e359bd0000
0x000000d21e8fb610:   000001e37a9aea00 0000000000000000
0x000000d21e8fb620:   000001e3003da800 00007ffb6b2bc689
0x000000d21e8fb630:   000000d21e8fb680 000000d21e8fb760
0x000000d21e8fb640:   0000000100000003 0000002200000022
0x000000d21e8fb650:   3e7ad7f29abcaf48 3e7ad7f29abcaf48
0x000000d21e8fb660:   3e112e0be826d695 ffefffffffffffff
0x000000d21e8fb670:   7fefffffffffffff 7fffffff7fffffff
0x000000d21e8fb680:   0000000000001388 0000000100000000
0x000000d21e8fb690:   0000000200000001 00007ffb6b650100
0x000000d21e8fb6a0:   0000000000000000 00007ffb6b6524f3
0x000000d21e8fb6b0:   000001e30036b900 00007ffb6b68859a
0x000000d21e8fb6c0:   00007ffbb5d8e238 00007ffbb5d92c70
0x000000d21e8fb6d0:   000001e37a9aea60 00007ffbb5d7cb33
0x000000d21e8fb6e0:   0000000000000002 00007ffbb5d821a4
0x000000d21e8fb6f0:   000001e37a9aea60 000001e3003fbba0 

Instructions: (pc=0x00007ffb75639f59)
0x00007ffb75639f39:   00 00 00 ff c2 48 83 c1 08 41 3b d0 7e dc 8b 56
0x00007ffb75639f49:   3c 3b d7 7c 2b 48 8b 4e 50 48 83 c1 08 48 8b 01
0x00007ffb75639f59:   83 78 1c 04 75 10 f2 0f 10 40 20 66 0f 2f 40 28
0x00007ffb75639f69:   0f 83 b1 00 00 00 ff c7 48 83 c1 08 3b fa 7e dd 


Stack slot to memory mapping:
stack at sp + 0 slots: 0x000001e30039fbf0 points into unknown readable memory: 0x0000000000000000 | 00 00 00 00 00 00 00 00
stack at sp + 1 slots: 0x000001e359bd0000 points into unknown readable memory: 0x0000000000000000 | 00 00 00 00 00 00 00 00
stack at sp + 2 slots: 0x000001e37a9aea00 points into unknown readable memory: 0x0000000000000000 | 00 00 00 00 00 00 00 00
stack at sp + 3 slots: 0x0 is NULL
stack at sp + 4 slots: 0x000001e3003da800 is a thread
stack at sp + 5 slots: 0x00007ffb6b2bc689 jvm.dll
stack at sp + 6 slots: 0x000000d21e8fb680 is pointing into the stack for thread: 0x000001e3003da800
stack at sp + 7 slots: 0x000000d21e8fb760 is pointing into the stack for thread: 0x000001e3003da800


---------------  P R O C E S S  ---------------

Threads class SMR info:
_java_thread_list=0x000001e37cbfa2b0, length=30, elements={
0x000001e37a97b800, 0x000001e37a9a7000, 0x000001e37a9b8000, 0x000001e37a9b9000,
0x000001e37a9ba800, 0x000001e37a9be800, 0x000001e37b332800, 0x000001e37a936000,
0x000001e37b508000, 0x000001e37baae800, 0x000001e37cc07800, 0x000001e37d486000,
0x000001e37d5b6000, 0x000001e37d5a5000, 0x000001e37d629800, 0x000001e30045c000,
0x000001e30045d000, 0x000001e3003dd000, 0x000001e3003d9000, 0x000001e3003d8800,
0x000001e3003da800, 0x000001e3003da000, 0x000001e3003dc800, 0x000001e3003db800,
0x000001e3003de000, 0x000001e3003df000, 0x000001e300489800, 0x000001e300487800,
0x000001e300486800, 0x000001e300489000
}

Java Threads: ( => current thread )
  0x000001e37a97b800 JavaThread "Reference Handler" daemon [_thread_blocked, id=79268, stack(0x000000d21c600000,0x000000d21c700000)]
  0x000001e37a9a7000 JavaThread "Finalizer" daemon [_thread_blocked, id=12476, stack(0x000000d21c700000,0x000000d21c800000)]
  0x000001e37a9b8000 JavaThread "Signal Dispatcher" daemon [_thread_blocked, id=58080, stack(0x000000d21c800000,0x000000d21c900000)]
  0x000001e37a9b9000 JavaThread "Attach Listener" daemon [_thread_blocked, id=79040, stack(0x000000d21c900000,0x000000d21ca00000)]
  0x000001e37a9ba800 JavaThread "Service Thread" daemon [_thread_blocked, id=72304, stack(0x000000d21ca00000,0x000000d21cb00000)]
  0x000001e37a9be800 JavaThread "C1 CompilerThread0" daemon [_thread_blocked, id=79344, stack(0x000000d21cb00000,0x000000d21cc00000)]
  0x000001e37b332800 JavaThread "Sweeper thread" daemon [_thread_blocked, id=79348, stack(0x000000d21cc00000,0x000000d21cd00000)]
  0x000001e37a936000 JavaThread "Common-Cleaner" daemon [_thread_blocked, id=77388, stack(0x000000d21cd00000,0x000000d21ce00000)]
  0x000001e37b508000 JavaThread "JDWP Event Helper Thread" daemon [_thread_blocked, id=72792, stack(0x000000d21cf00000,0x000000d21d000000)]
  0x000001e37baae800 JavaThread "RMI TCP Accept-0" daemon [_thread_in_native, id=61196, stack(0x000000d21d100000,0x000000d21d200000)]
  0x000001e37cc07800 JavaThread "RMI Scheduler(0)" daemon [_thread_blocked, id=75296, stack(0x000000d21d700000,0x000000d21d800000)]
  0x000001e37d486000 JavaThread "Catalina-utility-1" [_thread_blocked, id=73848, stack(0x000000d21d600000,0x000000d21d700000)]
  0x000001e37d5b6000 JavaThread "Catalina-utility-2" [_thread_blocked, id=76188, stack(0x000000d21d800000,0x000000d21d900000)]
  0x000001e37d5a5000 JavaThread "container-0" [_thread_blocked, id=70764, stack(0x000000d21dd00000,0x000000d21de00000)]
  0x000001e37d629800 JavaThread "HikariPool-1 housekeeper" daemon [_thread_blocked, id=79400, stack(0x000000d21df00000,0x000000d21e000000)]
  0x000001e30045c000 JavaThread "http-nio-8080-exec-1" daemon [_thread_blocked, id=78932, stack(0x000000d21e300000,0x000000d21e400000)]
  0x000001e30045d000 JavaThread "http-nio-8080-exec-2" daemon [_thread_blocked, id=76744, stack(0x000000d21e400000,0x000000d21e500000)]
  0x000001e3003dd000 JavaThread "http-nio-8080-exec-3" daemon [_thread_blocked, id=78928, stack(0x000000d21e500000,0x000000d21e600000)]
  0x000001e3003d9000 JavaThread "http-nio-8080-exec-4" daemon [_thread_blocked, id=79312, stack(0x000000d21e600000,0x000000d21e700000)]
  0x000001e3003d8800 JavaThread "http-nio-8080-exec-5" daemon [_thread_blocked, id=9260, stack(0x000000d21e700000,0x000000d21e800000)]
=>0x000001e3003da800 JavaThread "http-nio-8080-exec-6" daemon [_thread_in_native, id=72368, stack(0x000000d21e800000,0x000000d21e900000)]
  0x000001e3003da000 JavaThread "http-nio-8080-exec-7" daemon [_thread_blocked, id=79436, stack(0x000000d21e900000,0x000000d21ea00000)]
  0x000001e3003dc800 JavaThread "http-nio-8080-exec-8" daemon [_thread_blocked, id=71704, stack(0x000000d21ea00000,0x000000d21eb00000)]
  0x000001e3003db800 JavaThread "http-nio-8080-exec-9" daemon [_thread_blocked, id=76620, stack(0x000000d21eb00000,0x000000d21ec00000)]
  0x000001e3003de000 JavaThread "http-nio-8080-exec-10" daemon [_thread_blocked, id=77456, stack(0x000000d21ec00000,0x000000d21ed00000)]
  0x000001e3003df000 JavaThread "http-nio-8080-Poller" daemon [_thread_in_native, id=76144, stack(0x000000d21ed00000,0x000000d21ee00000)]
  0x000001e300489800 JavaThread "http-nio-8080-Acceptor" daemon [_thread_in_native, id=79796, stack(0x000000d21ee00000,0x000000d21ef00000)]
  0x000001e300487800 JavaThread "DestroyJavaVM" [_thread_blocked, id=78856, stack(0x000000d21bf00000,0x000000d21c000000)]
  0x000001e300486800 JavaThread "SIGINT handler" daemon [_thread_blocked, id=77680, stack(0x000000d21bc00000,0x000000d21bd00000)]
  0x000001e300489000 JavaThread "SpringApplicationShutdownHook" [_thread_in_Java, id=80176, stack(0x000000d21be00000,0x000000d21bf00000)]

Other Threads:
  0x000001e37a97a000 VMThread "VM Thread" [stack: 0x000000d21c500000,0x000000d21c600000] [id=44416]
  0x000001e37bab9800 WatcherThread [stack: 0x000000d21d200000,0x000000d21d300000] [id=74356]
  0x000001e35bced800 GCTaskThread "GC Thread#0" [stack: 0x000000d21c000000,0x000000d21c100000] [id=79364]
  0x000001e37bdac800 GCTaskThread "GC Thread#1" [stack: 0x000000d21d300000,0x000000d21d400000] [id=72656]
  0x000001e37bd03000 GCTaskThread "GC Thread#2" [stack: 0x000000d21d400000,0x000000d21d500000] [id=79372]
  0x000001e37cc86800 GCTaskThread "GC Thread#3" [stack: 0x000000d21d900000,0x000000d21da00000] [id=70716]
  0x000001e37d57b800 GCTaskThread "GC Thread#4" [stack: 0x000000d21db00000,0x000000d21dc00000] [id=75320]
  0x000001e37d5bf000 GCTaskThread "GC Thread#5" [stack: 0x000000d21dc00000,0x000000d21dd00000] [id=77892]
  0x000001e300042000 GCTaskThread "GC Thread#6" [stack: 0x000000d21e100000,0x000000d21e200000] [id=78888]
  0x000001e37d962800 GCTaskThread "GC Thread#7" [stack: 0x000000d21e200000,0x000000d21e300000] [id=79768]
  0x000001e35bd21800 ConcurrentGCThread "G1 Main Marker" [stack: 0x000000d21c100000,0x000000d21c200000] [id=77848]
  0x000001e35bd24000 ConcurrentGCThread "G1 Conc#0" [stack: 0x000000d21c200000,0x000000d21c300000] [id=74852]
  0x000001e37ca81800 ConcurrentGCThread "G1 Conc#1" [stack: 0x000000d21da00000,0x000000d21db00000] [id=71764]
  0x000001e35bdad800 ConcurrentGCThread "G1 Refine#0" [stack: 0x000000d21c300000,0x000000d21c400000] [id=79684]
  0x000001e35bdae800 ConcurrentGCThread "G1 Young RemSet Sampling" [stack: 0x000000d21c400000,0x000000d21c500000] [id=79568]

Threads with active compile tasks:

VM state:not at safepoint (normal execution)

VM Mutex/Monitor currently owned by a thread: None

Heap address: 0x0000000082800000, size: 2008 MB, Compressed Oops mode: 32-bit
Narrow klass base: 0x0000000000000000, Narrow klass shift: 3
Compressed class space size: 1073741824 Address: 0x0000000100000000

Heap:
 garbage-first heap   total 187392K, used 28366K [0x0000000082800000, 0x0000000100000000)
  region size 1024K, 13 young (13312K), 8 survivors (8192K)
 Metaspace       used 58386K, capacity 60234K, committed 60540K, reserved 1101824K
  class space    used 7559K, capacity 8282K, committed 8396K, reserved 1048576K
Heap Regions: E=young(eden), S=young(survivor), O=old, HS=humongous(starts), HC=humongous(continues), CS=collection set, F=free, A=archive, TAMS=top-at-mark-start (previous, next)
|   0|0x0000000082800000, 0x0000000082900000, 0x0000000082900000|100%|HS|  |TAMS 0x0000000082900000, 0x0000000082800000| Complete 
|   1|0x0000000082900000, 0x0000000082a00000, 0x0000000082a00000|100%| O|  |TAMS 0x0000000082a00000, 0x0000000082900000| Untracked 
|   2|0x0000000082a00000, 0x0000000082b00000, 0x0000000082b00000|100%| O|  |TAMS 0x0000000082b00000, 0x0000000082a00000| Untracked 
|   3|0x0000000082b00000, 0x0000000082c00000, 0x0000000082c00000|100%| O|  |TAMS 0x0000000082c00000, 0x0000000082b00000| Untracked 
|   4|0x0000000082c00000, 0x0000000082d00000, 0x0000000082d00000|100%| O|  |TAMS 0x0000000082d00000, 0x0000000082c00000| Untracked 
|   5|0x0000000082d00000, 0x0000000082e00000, 0x0000000082e00000|100%| O|  |TAMS 0x0000000082e00000, 0x0000000082d00000| Untracked 
|   6|0x0000000082e00000, 0x0000000082f00000, 0x0000000082f00000|100%| O|  |TAMS 0x0000000082f00000, 0x0000000082e00000| Untracked 
|   7|0x0000000082f00000, 0x0000000083000000, 0x0000000083000000|100%| O|  |TAMS 0x0000000083000000, 0x0000000082f00000| Untracked 
|   8|0x0000000083000000, 0x0000000083100000, 0x0000000083100000|100%| O|  |TAMS 0x0000000083100000, 0x0000000083000000| Untracked 
|   9|0x0000000083100000, 0x0000000083200000, 0x0000000083200000|100%| O|  |TAMS 0x0000000083200000, 0x0000000083100000| Untracked 
|  10|0x0000000083200000, 0x0000000083300000, 0x0000000083300000|100%| O|  |TAMS 0x0000000083300000, 0x0000000083200000| Untracked 
|  11|0x0000000083300000, 0x0000000083400000, 0x0000000083400000|100%| O|  |TAMS 0x0000000083400000, 0x0000000083300000| Untracked 
|  12|0x0000000083400000, 0x0000000083500000, 0x0000000083500000|100%| O|  |TAMS 0x0000000083500000, 0x0000000083400000| Untracked 
|  13|0x0000000083500000, 0x0000000083600000, 0x0000000083600000|100%| O|  |TAMS 0x0000000083600000, 0x0000000083500000| Untracked 
|  14|0x0000000083600000, 0x0000000083700000, 0x0000000083700000|100%| O|  |TAMS 0x0000000083700000, 0x0000000083600000| Untracked 
|  15|0x0000000083700000, 0x00000000837cb400, 0x0000000083800000| 79%| O|  |TAMS 0x00000000837cb400, 0x0000000083700000| Untracked 
|  16|0x0000000083800000, 0x0000000083800000, 0x0000000083900000|  0%| F|  |TAMS 0x0000000083800000, 0x0000000083800000| Untracked 
|  17|0x0000000083900000, 0x0000000083900000, 0x0000000083a00000|  0%| F|  |TAMS 0x0000000083900000, 0x0000000083900000| Untracked 
|  18|0x0000000083a00000, 0x0000000083a00000, 0x0000000083b00000|  0%| F|  |TAMS 0x0000000083a00000, 0x0000000083a00000| Untracked 
|  19|0x0000000083b00000, 0x0000000083b00000, 0x0000000083c00000|  0%| F|  |TAMS 0x0000000083b00000, 0x0000000083b00000| Untracked 
|  20|0x0000000083c00000, 0x0000000083c00000, 0x0000000083d00000|  0%| F|  |TAMS 0x0000000083c00000, 0x0000000083c00000| Untracked 
|  21|0x0000000083d00000, 0x0000000083d00000, 0x0000000083e00000|  0%| F|  |TAMS 0x0000000083d00000, 0x0000000083d00000| Untracked 
|  22|0x0000000083e00000, 0x0000000083e00000, 0x0000000083f00000|  0%| F|  |TAMS 0x0000000083e00000, 0x0000000083e00000| Untracked 
|  23|0x0000000083f00000, 0x0000000083f00000, 0x0000000084000000|  0%| F|  |TAMS 0x0000000083f00000, 0x0000000083f00000| Untracked 
|  24|0x0000000084000000, 0x0000000084000000, 0x0000000084100000|  0%| F|  |TAMS 0x0000000084000000, 0x0000000084000000| Untracked 
|  25|0x0000000084100000, 0x0000000084100000, 0x0000000084200000|  0%| F|  |TAMS 0x0000000084100000, 0x0000000084100000| Untracked 
|  26|0x0000000084200000, 0x0000000084200000, 0x0000000084300000|  0%| F|  |TAMS 0x0000000084200000, 0x0000000084200000| Untracked 
|  27|0x0000000084300000, 0x0000000084300000, 0x0000000084400000|  0%| F|  |TAMS 0x0000000084300000, 0x0000000084300000| Untracked 
|  28|0x0000000084400000, 0x0000000084400000, 0x0000000084500000|  0%| F|  |TAMS 0x0000000084400000, 0x0000000084400000| Untracked 
|  29|0x0000000084500000, 0x0000000084500000, 0x0000000084600000|  0%| F|  |TAMS 0x0000000084500000, 0x0000000084500000| Untracked 
|  30|0x0000000084600000, 0x0000000084600000, 0x0000000084700000|  0%| F|  |TAMS 0x0000000084600000, 0x0000000084600000| Untracked 
|  31|0x0000000084700000, 0x0000000084700000, 0x0000000084800000|  0%| F|  |TAMS 0x0000000084700000, 0x0000000084700000| Untracked 
|  32|0x0000000084800000, 0x0000000084800000, 0x0000000084900000|  0%| F|  |TAMS 0x0000000084800000, 0x0000000084800000| Untracked 
|  33|0x0000000084900000, 0x0000000084900000, 0x0000000084a00000|  0%| F|  |TAMS 0x0000000084900000, 0x0000000084900000| Untracked 
|  34|0x0000000084a00000, 0x0000000084a00000, 0x0000000084b00000|  0%| F|  |TAMS 0x0000000084a00000, 0x0000000084a00000| Untracked 
|  35|0x0000000084b00000, 0x0000000084b00000, 0x0000000084c00000|  0%| F|  |TAMS 0x0000000084b00000, 0x0000000084b00000| Untracked 
|  36|0x0000000084c00000, 0x0000000084c00000, 0x0000000084d00000|  0%| F|  |TAMS 0x0000000084c00000, 0x0000000084c00000| Untracked 
|  37|0x0000000084d00000, 0x0000000084d00000, 0x0000000084e00000|  0%| F|  |TAMS 0x0000000084d00000, 0x0000000084d00000| Untracked 
|  38|0x0000000084e00000, 0x0000000084e00000, 0x0000000084f00000|  0%| F|  |TAMS 0x0000000084e00000, 0x0000000084e00000| Untracked 
|  39|0x0000000084f00000, 0x0000000084f00000, 0x0000000085000000|  0%| F|  |TAMS 0x0000000084f00000, 0x0000000084f00000| Untracked 
|  40|0x0000000085000000, 0x0000000085000000, 0x0000000085100000|  0%| F|  |TAMS 0x0000000085000000, 0x0000000085000000| Untracked 
|  41|0x0000000085100000, 0x0000000085100000, 0x0000000085200000|  0%| F|  |TAMS 0x0000000085100000, 0x0000000085100000| Untracked 
|  42|0x0000000085200000, 0x0000000085200000, 0x0000000085300000|  0%| F|  |TAMS 0x0000000085200000, 0x0000000085200000| Untracked 
|  43|0x0000000085300000, 0x0000000085300000, 0x0000000085400000|  0%| F|  |TAMS 0x0000000085300000, 0x0000000085300000| Untracked 
|  44|0x0000000085400000, 0x0000000085400000, 0x0000000085500000|  0%| F|  |TAMS 0x0000000085400000, 0x0000000085400000| Untracked 
|  45|0x0000000085500000, 0x0000000085500000, 0x0000000085600000|  0%| F|  |TAMS 0x0000000085500000, 0x0000000085500000| Untracked 
|  46|0x0000000085600000, 0x0000000085600000, 0x0000000085700000|  0%| F|  |TAMS 0x0000000085600000, 0x0000000085600000| Untracked 
|  47|0x0000000085700000, 0x0000000085700000, 0x0000000085800000|  0%| F|  |TAMS 0x0000000085700000, 0x0000000085700000| Untracked 
|  48|0x0000000085800000, 0x0000000085800000, 0x0000000085900000|  0%| F|  |TAMS 0x0000000085800000, 0x0000000085800000| Untracked 
|  49|0x0000000085900000, 0x0000000085900000, 0x0000000085a00000|  0%| F|  |TAMS 0x0000000085900000, 0x0000000085900000| Untracked 
|  50|0x0000000085a00000, 0x0000000085a00000, 0x0000000085b00000|  0%| F|  |TAMS 0x0000000085a00000, 0x0000000085a00000| Untracked 
|  51|0x0000000085b00000, 0x0000000085b00000, 0x0000000085c00000|  0%| F|  |TAMS 0x0000000085b00000, 0x0000000085b00000| Untracked 
|  52|0x0000000085c00000, 0x0000000085c00000, 0x0000000085d00000|  0%| F|  |TAMS 0x0000000085c00000, 0x0000000085c00000| Untracked 
|  53|0x0000000085d00000, 0x0000000085d00000, 0x0000000085e00000|  0%| F|  |TAMS 0x0000000085d00000, 0x0000000085d00000| Untracked 
|  54|0x0000000085e00000, 0x0000000085e00000, 0x0000000085f00000|  0%| F|  |TAMS 0x0000000085e00000, 0x0000000085e00000| Untracked 
|  55|0x0000000085f00000, 0x0000000085f00000, 0x0000000086000000|  0%| F|  |TAMS 0x0000000085f00000, 0x0000000085f00000| Untracked 
|  56|0x0000000086000000, 0x0000000086000000, 0x0000000086100000|  0%| F|  |TAMS 0x0000000086000000, 0x0000000086000000| Untracked 
|  57|0x0000000086100000, 0x0000000086100000, 0x0000000086200000|  0%| F|  |TAMS 0x0000000086100000, 0x0000000086100000| Untracked 
|  58|0x0000000086200000, 0x0000000086200000, 0x0000000086300000|  0%| F|  |TAMS 0x0000000086200000, 0x0000000086200000| Untracked 
|  59|0x0000000086300000, 0x0000000086300000, 0x0000000086400000|  0%| F|  |TAMS 0x0000000086300000, 0x0000000086300000| Untracked 
|  60|0x0000000086400000, 0x0000000086400000, 0x0000000086500000|  0%| F|  |TAMS 0x0000000086400000, 0x0000000086400000| Untracked 
|  61|0x0000000086500000, 0x0000000086500000, 0x0000000086600000|  0%| F|  |TAMS 0x0000000086500000, 0x0000000086500000| Untracked 
|  62|0x0000000086600000, 0x0000000086600000, 0x0000000086700000|  0%| F|  |TAMS 0x0000000086600000, 0x0000000086600000| Untracked 
|  63|0x0000000086700000, 0x0000000086700000, 0x0000000086800000|  0%| F|  |TAMS 0x0000000086700000, 0x0000000086700000| Untracked 
|  64|0x0000000086800000, 0x0000000086800000, 0x0000000086900000|  0%| F|  |TAMS 0x0000000086800000, 0x0000000086800000| Untracked 
|  65|0x0000000086900000, 0x0000000086900000, 0x0000000086a00000|  0%| F|  |TAMS 0x0000000086900000, 0x0000000086900000| Untracked 
|  66|0x0000000086a00000, 0x0000000086a00000, 0x0000000086b00000|  0%| F|  |TAMS 0x0000000086a00000, 0x0000000086a00000| Untracked 
|  67|0x0000000086b00000, 0x0000000086b00000, 0x0000000086c00000|  0%| F|  |TAMS 0x0000000086b00000, 0x0000000086b00000| Untracked 
|  68|0x0000000086c00000, 0x0000000086c00000, 0x0000000086d00000|  0%| F|  |TAMS 0x0000000086c00000, 0x0000000086c00000| Untracked 
|  69|0x0000000086d00000, 0x0000000086d00000, 0x0000000086e00000|  0%| F|  |TAMS 0x0000000086d00000, 0x0000000086d00000| Untracked 
|  70|0x0000000086e00000, 0x0000000086e00000, 0x0000000086f00000|  0%| F|  |TAMS 0x0000000086e00000, 0x0000000086e00000| Untracked 
|  71|0x0000000086f00000, 0x0000000086f00000, 0x0000000087000000|  0%| F|  |TAMS 0x0000000086f00000, 0x0000000086f00000| Untracked 
|  72|0x0000000087000000, 0x0000000087000000, 0x0000000087100000|  0%| F|  |TAMS 0x0000000087000000, 0x0000000087000000| Untracked 
|  73|0x0000000087100000, 0x0000000087100000, 0x0000000087200000|  0%| F|  |TAMS 0x0000000087100000, 0x0000000087100000| Untracked 
|  74|0x0000000087200000, 0x0000000087200000, 0x0000000087300000|  0%| F|  |TAMS 0x0000000087200000, 0x0000000087200000| Untracked 
|  75|0x0000000087300000, 0x0000000087300000, 0x0000000087400000|  0%| F|  |TAMS 0x0000000087300000, 0x0000000087300000| Untracked 
|  76|0x0000000087400000, 0x0000000087400000, 0x0000000087500000|  0%| F|  |TAMS 0x0000000087400000, 0x0000000087400000| Untracked 
|  77|0x0000000087500000, 0x0000000087500000, 0x0000000087600000|  0%| F|  |TAMS 0x0000000087500000, 0x0000000087500000| Untracked 
|  78|0x0000000087600000, 0x0000000087600000, 0x0000000087700000|  0%| F|  |TAMS 0x0000000087600000, 0x0000000087600000| Untracked 
|  79|0x0000000087700000, 0x0000000087700000, 0x0000000087800000|  0%| F|  |TAMS 0x0000000087700000, 0x0000000087700000| Untracked 
|  80|0x0000000087800000, 0x0000000087800000, 0x0000000087900000|  0%| F|  |TAMS 0x0000000087800000, 0x0000000087800000| Untracked 
|  81|0x0000000087900000, 0x0000000087900000, 0x0000000087a00000|  0%| F|  |TAMS 0x0000000087900000, 0x0000000087900000| Untracked 
|  82|0x0000000087a00000, 0x0000000087a00000, 0x0000000087b00000|  0%| F|  |TAMS 0x0000000087a00000, 0x0000000087a00000| Untracked 
|  83|0x0000000087b00000, 0x0000000087b00000, 0x0000000087c00000|  0%| F|  |TAMS 0x0000000087b00000, 0x0000000087b00000| Untracked 
|  84|0x0000000087c00000, 0x0000000087c00000, 0x0000000087d00000|  0%| F|  |TAMS 0x0000000087c00000, 0x0000000087c00000| Untracked 
|  85|0x0000000087d00000, 0x0000000087d00000, 0x0000000087e00000|  0%| F|  |TAMS 0x0000000087d00000, 0x0000000087d00000| Untracked 
|  86|0x0000000087e00000, 0x0000000087e00000, 0x0000000087f00000|  0%| F|  |TAMS 0x0000000087e00000, 0x0000000087e00000| Untracked 
|  87|0x0000000087f00000, 0x0000000087f00000, 0x0000000088000000|  0%| F|  |TAMS 0x0000000087f00000, 0x0000000087f00000| Untracked 
|  88|0x0000000088000000, 0x0000000088000000, 0x0000000088100000|  0%| F|  |TAMS 0x0000000088000000, 0x0000000088000000| Untracked 
|  89|0x0000000088100000, 0x0000000088100000, 0x0000000088200000|  0%| F|  |TAMS 0x0000000088100000, 0x0000000088100000| Untracked 
|  90|0x0000000088200000, 0x0000000088200000, 0x0000000088300000|  0%| F|  |TAMS 0x0000000088200000, 0x0000000088200000| Untracked 
|  91|0x0000000088300000, 0x0000000088300000, 0x0000000088400000|  0%| F|  |TAMS 0x0000000088300000, 0x0000000088300000| Untracked 
|  92|0x0000000088400000, 0x0000000088400000, 0x0000000088500000|  0%| F|  |TAMS 0x0000000088400000, 0x0000000088400000| Untracked 
|  93|0x0000000088500000, 0x0000000088500000, 0x0000000088600000|  0%| F|  |TAMS 0x0000000088500000, 0x0000000088500000| Untracked 
|  94|0x0000000088600000, 0x0000000088600000, 0x0000000088700000|  0%| F|  |TAMS 0x0000000088600000, 0x0000000088600000| Untracked 
|  95|0x0000000088700000, 0x0000000088700000, 0x0000000088800000|  0%| F|  |TAMS 0x0000000088700000, 0x0000000088700000| Untracked 
|  96|0x0000000088800000, 0x0000000088800000, 0x0000000088900000|  0%| F|  |TAMS 0x0000000088800000, 0x0000000088800000| Untracked 
|  97|0x0000000088900000, 0x0000000088900000, 0x0000000088a00000|  0%| F|  |TAMS 0x0000000088900000, 0x0000000088900000| Untracked 
|  98|0x0000000088a00000, 0x0000000088a00000, 0x0000000088b00000|  0%| F|  |TAMS 0x0000000088a00000, 0x0000000088a00000| Untracked 
|  99|0x0000000088b00000, 0x0000000088b00000, 0x0000000088c00000|  0%| F|  |TAMS 0x0000000088b00000, 0x0000000088b00000| Untracked 
| 100|0x0000000088c00000, 0x0000000088c00000, 0x0000000088d00000|  0%| F|  |TAMS 0x0000000088c00000, 0x0000000088c00000| Untracked 
| 101|0x0000000088d00000, 0x0000000088d00000, 0x0000000088e00000|  0%| F|  |TAMS 0x0000000088d00000, 0x0000000088d00000| Untracked 
| 102|0x0000000088e00000, 0x0000000088e00000, 0x0000000088f00000|  0%| F|  |TAMS 0x0000000088e00000, 0x0000000088e00000| Untracked 
| 103|0x0000000088f00000, 0x0000000088f00000, 0x0000000089000000|  0%| F|  |TAMS 0x0000000088f00000, 0x0000000088f00000| Untracked 
| 104|0x0000000089000000, 0x0000000089000000, 0x0000000089100000|  0%| F|  |TAMS 0x0000000089000000, 0x0000000089000000| Untracked 
| 105|0x0000000089100000, 0x0000000089100000, 0x0000000089200000|  0%| F|  |TAMS 0x0000000089100000, 0x0000000089100000| Untracked 
| 106|0x0000000089200000, 0x0000000089200000, 0x0000000089300000|  0%| F|  |TAMS 0x0000000089200000, 0x0000000089200000| Untracked 
| 107|0x0000000089300000, 0x0000000089300000, 0x0000000089400000|  0%| F|  |TAMS 0x0000000089300000, 0x0000000089300000| Untracked 
| 108|0x0000000089400000, 0x0000000089400000, 0x0000000089500000|  0%| F|  |TAMS 0x0000000089400000, 0x0000000089400000| Untracked 
| 109|0x0000000089500000, 0x0000000089500000, 0x0000000089600000|  0%| F|  |TAMS 0x0000000089500000, 0x0000000089500000| Untracked 
| 110|0x0000000089600000, 0x0000000089600000, 0x0000000089700000|  0%| F|  |TAMS 0x0000000089600000, 0x0000000089600000| Untracked 
| 111|0x0000000089700000, 0x0000000089700000, 0x0000000089800000|  0%| F|  |TAMS 0x0000000089700000, 0x0000000089700000| Untracked 
| 112|0x0000000089800000, 0x0000000089800000, 0x0000000089900000|  0%| F|  |TAMS 0x0000000089800000, 0x0000000089800000| Untracked 
| 113|0x0000000089900000, 0x0000000089900000, 0x0000000089a00000|  0%| F|  |TAMS 0x0000000089900000, 0x0000000089900000| Untracked 
| 114|0x0000000089a00000, 0x0000000089a00000, 0x0000000089b00000|  0%| F|  |TAMS 0x0000000089a00000, 0x0000000089a00000| Untracked 
| 115|0x0000000089b00000, 0x0000000089b00000, 0x0000000089c00000|  0%| F|  |TAMS 0x0000000089b00000, 0x0000000089b00000| Untracked 
| 116|0x0000000089c00000, 0x0000000089c00000, 0x0000000089d00000|  0%| F|  |TAMS 0x0000000089c00000, 0x0000000089c00000| Untracked 
| 117|0x0000000089d00000, 0x0000000089d00000, 0x0000000089e00000|  0%| F|  |TAMS 0x0000000089d00000, 0x0000000089d00000| Untracked 
| 118|0x0000000089e00000, 0x0000000089e00000, 0x0000000089f00000|  0%| F|  |TAMS 0x0000000089e00000, 0x0000000089e00000| Untracked 
| 119|0x0000000089f00000, 0x0000000089f00000, 0x000000008a000000|  0%| F|  |TAMS 0x0000000089f00000, 0x0000000089f00000| Untracked 
| 120|0x000000008a000000, 0x000000008a000000, 0x000000008a100000|  0%| F|  |TAMS 0x000000008a000000, 0x000000008a000000| Untracked 
| 121|0x000000008a100000, 0x000000008a100000, 0x000000008a200000|  0%| F|  |TAMS 0x000000008a100000, 0x000000008a100000| Untracked 
| 122|0x000000008a200000, 0x000000008a200000, 0x000000008a300000|  0%| F|  |TAMS 0x000000008a200000, 0x000000008a200000| Untracked 
| 123|0x000000008a300000, 0x000000008a300000, 0x000000008a400000|  0%| F|  |TAMS 0x000000008a300000, 0x000000008a300000| Untracked 
| 124|0x000000008a400000, 0x000000008a400000, 0x000000008a500000|  0%| F|  |TAMS 0x000000008a400000, 0x000000008a400000| Untracked 
| 125|0x000000008a500000, 0x000000008a500000, 0x000000008a600000|  0%| F|  |TAMS 0x000000008a500000, 0x000000008a500000| Untracked 
| 126|0x000000008a600000, 0x000000008a600000, 0x000000008a700000|  0%| F|  |TAMS 0x000000008a600000, 0x000000008a600000| Untracked 
| 127|0x000000008a700000, 0x000000008a700000, 0x000000008a800000|  0%| F|  |TAMS 0x000000008a700000, 0x000000008a700000| Untracked 
| 128|0x000000008a800000, 0x000000008a800000, 0x000000008a900000|  0%| F|  |TAMS 0x000000008a800000, 0x000000008a800000| Untracked 
| 129|0x000000008a900000, 0x000000008a900000, 0x000000008aa00000|  0%| F|  |TAMS 0x000000008a900000, 0x000000008a900000| Untracked 
| 130|0x000000008aa00000, 0x000000008aa00000, 0x000000008ab00000|  0%| F|  |TAMS 0x000000008aa00000, 0x000000008aa00000| Untracked 
| 131|0x000000008ab00000, 0x000000008ab00000, 0x000000008ac00000|  0%| F|  |TAMS 0x000000008ab00000, 0x000000008ab00000| Untracked 
| 132|0x000000008ac00000, 0x000000008ac00000, 0x000000008ad00000|  0%| F|  |TAMS 0x000000008ac00000, 0x000000008ac00000| Untracked 
| 133|0x000000008ad00000, 0x000000008ad00000, 0x000000008ae00000|  0%| F|  |TAMS 0x000000008ad00000, 0x000000008ad00000| Untracked 
| 134|0x000000008ae00000, 0x000000008ae00000, 0x000000008af00000|  0%| F|  |TAMS 0x000000008ae00000, 0x000000008ae00000| Untracked 
| 135|0x000000008af00000, 0x000000008af00000, 0x000000008b000000|  0%| F|  |TAMS 0x000000008af00000, 0x000000008af00000| Untracked 
| 136|0x000000008b000000, 0x000000008b000000, 0x000000008b100000|  0%| F|  |TAMS 0x000000008b000000, 0x000000008b000000| Untracked 
| 137|0x000000008b100000, 0x000000008b1e8410, 0x000000008b200000| 90%| S|CS|TAMS 0x000000008b100000, 0x000000008b100000| Complete 
| 138|0x000000008b200000, 0x000000008b300000, 0x000000008b300000|100%| S|CS|TAMS 0x000000008b200000, 0x000000008b200000| Complete 
| 139|0x000000008b300000, 0x000000008b400000, 0x000000008b400000|100%| S|CS|TAMS 0x000000008b300000, 0x000000008b300000| Complete 
| 140|0x000000008b400000, 0x000000008b500000, 0x000000008b500000|100%| S|CS|TAMS 0x000000008b400000, 0x000000008b400000| Complete 
| 141|0x000000008b500000, 0x000000008b600000, 0x000000008b600000|100%| S|CS|TAMS 0x000000008b500000, 0x000000008b500000| Complete 
| 142|0x000000008b600000, 0x000000008b700000, 0x000000008b700000|100%| S|CS|TAMS 0x000000008b600000, 0x000000008b600000| Complete 
| 143|0x000000008b700000, 0x000000008b800000, 0x000000008b800000|100%| S|CS|TAMS 0x000000008b700000, 0x000000008b700000| Complete 
| 144|0x000000008b800000, 0x000000008b900000, 0x000000008b900000|100%| S|CS|TAMS 0x000000008b800000, 0x000000008b800000| Complete 
| 145|0x000000008b900000, 0x000000008b900000, 0x000000008ba00000|  0%| F|  |TAMS 0x000000008b900000, 0x000000008b900000| Untracked 
| 146|0x000000008ba00000, 0x000000008ba00000, 0x000000008bb00000|  0%| F|  |TAMS 0x000000008ba00000, 0x000000008ba00000| Untracked 
| 147|0x000000008bb00000, 0x000000008bb00000, 0x000000008bc00000|  0%| F|  |TAMS 0x000000008bb00000, 0x000000008bb00000| Untracked 
| 148|0x000000008bc00000, 0x000000008bc00000, 0x000000008bd00000|  0%| F|  |TAMS 0x000000008bc00000, 0x000000008bc00000| Untracked 
| 149|0x000000008bd00000, 0x000000008bd00000, 0x000000008be00000|  0%| F|  |TAMS 0x000000008bd00000, 0x000000008bd00000| Untracked 
| 150|0x000000008be00000, 0x000000008be00000, 0x000000008bf00000|  0%| F|  |TAMS 0x000000008be00000, 0x000000008be00000| Untracked 
| 151|0x000000008bf00000, 0x000000008bf00000, 0x000000008c000000|  0%| F|  |TAMS 0x000000008bf00000, 0x000000008bf00000| Untracked 
| 152|0x000000008c000000, 0x000000008c000000, 0x000000008c100000|  0%| F|  |TAMS 0x000000008c000000, 0x000000008c000000| Untracked 
| 153|0x000000008c100000, 0x000000008c100000, 0x000000008c200000|  0%| F|  |TAMS 0x000000008c100000, 0x000000008c100000| Untracked 
| 154|0x000000008c200000, 0x000000008c200000, 0x000000008c300000|  0%| F|  |TAMS 0x000000008c200000, 0x000000008c200000| Untracked 
| 155|0x000000008c300000, 0x000000008c300000, 0x000000008c400000|  0%| F|  |TAMS 0x000000008c300000, 0x000000008c300000| Untracked 
| 156|0x000000008c400000, 0x000000008c400000, 0x000000008c500000|  0%| F|  |TAMS 0x000000008c400000, 0x000000008c400000| Untracked 
| 157|0x000000008c500000, 0x000000008c500000, 0x000000008c600000|  0%| F|  |TAMS 0x000000008c500000, 0x000000008c500000| Untracked 
| 158|0x000000008c600000, 0x000000008c600000, 0x000000008c700000|  0%| F|  |TAMS 0x000000008c600000, 0x000000008c600000| Untracked 
| 159|0x000000008c700000, 0x000000008c700000, 0x000000008c800000|  0%| F|  |TAMS 0x000000008c700000, 0x000000008c700000| Untracked 
| 160|0x000000008c800000, 0x000000008c800000, 0x000000008c900000|  0%| F|  |TAMS 0x000000008c800000, 0x000000008c800000| Untracked 
| 161|0x000000008c900000, 0x000000008c900000, 0x000000008ca00000|  0%| F|  |TAMS 0x000000008c900000, 0x000000008c900000| Untracked 
| 162|0x000000008ca00000, 0x000000008ca00000, 0x000000008cb00000|  0%| F|  |TAMS 0x000000008ca00000, 0x000000008ca00000| Untracked 
| 163|0x000000008cb00000, 0x000000008cb00000, 0x000000008cc00000|  0%| F|  |TAMS 0x000000008cb00000, 0x000000008cb00000| Untracked 
| 164|0x000000008cc00000, 0x000000008cc00000, 0x000000008cd00000|  0%| F|  |TAMS 0x000000008cc00000, 0x000000008cc00000| Untracked 
| 165|0x000000008cd00000, 0x000000008cd00000, 0x000000008ce00000|  0%| F|  |TAMS 0x000000008cd00000, 0x000000008cd00000| Untracked 
| 166|0x000000008ce00000, 0x000000008ce00000, 0x000000008cf00000|  0%| F|  |TAMS 0x000000008ce00000, 0x000000008ce00000| Untracked 
| 167|0x000000008cf00000, 0x000000008cf00000, 0x000000008d000000|  0%| F|  |TAMS 0x000000008cf00000, 0x000000008cf00000| Untracked 
| 168|0x000000008d000000, 0x000000008d000000, 0x000000008d100000|  0%| F|  |TAMS 0x000000008d000000, 0x000000008d000000| Untracked 
| 169|0x000000008d100000, 0x000000008d100000, 0x000000008d200000|  0%| F|  |TAMS 0x000000008d100000, 0x000000008d100000| Untracked 
| 170|0x000000008d200000, 0x000000008d200000, 0x000000008d300000|  0%| F|  |TAMS 0x000000008d200000, 0x000000008d200000| Untracked 
| 171|0x000000008d300000, 0x000000008d300000, 0x000000008d400000|  0%| F|  |TAMS 0x000000008d300000, 0x000000008d300000| Untracked 
| 172|0x000000008d400000, 0x000000008d400000, 0x000000008d500000|  0%| F|  |TAMS 0x000000008d400000, 0x000000008d400000| Untracked 
| 173|0x000000008d500000, 0x000000008d500000, 0x000000008d600000|  0%| F|  |TAMS 0x000000008d500000, 0x000000008d500000| Untracked 
| 174|0x000000008d600000, 0x000000008d600000, 0x000000008d700000|  0%| F|  |TAMS 0x000000008d600000, 0x000000008d600000| Untracked 
| 175|0x000000008d700000, 0x000000008d700000, 0x000000008d800000|  0%| F|  |TAMS 0x000000008d700000, 0x000000008d700000| Untracked 
| 176|0x000000008d800000, 0x000000008d800000, 0x000000008d900000|  0%| F|  |TAMS 0x000000008d800000, 0x000000008d800000| Untracked 
| 177|0x000000008d900000, 0x000000008d900000, 0x000000008da00000|  0%| F|  |TAMS 0x000000008d900000, 0x000000008d900000| Untracked 
| 178|0x000000008da00000, 0x000000008db00000, 0x000000008db00000|100%| E|  |TAMS 0x000000008da00000, 0x000000008da00000| Complete 
| 179|0x000000008db00000, 0x000000008dc00000, 0x000000008dc00000|100%| E|CS|TAMS 0x000000008db00000, 0x000000008db00000| Complete 
| 180|0x000000008dc00000, 0x000000008dd00000, 0x000000008dd00000|100%| E|CS|TAMS 0x000000008dc00000, 0x000000008dc00000| Complete 
| 181|0x000000008dd00000, 0x000000008de00000, 0x000000008de00000|100%| E|CS|TAMS 0x000000008dd00000, 0x000000008dd00000| Complete 
| 182|0x000000008de00000, 0x000000008df00000, 0x000000008df00000|100%| E|CS|TAMS 0x000000008de00000, 0x000000008de00000| Complete 

Card table byte_map: [0x000001e3738b0000,0x000001e373ca0000] _byte_map_base: 0x000001e37349c000

Marking Bits (Prev, Next): (CMBitMap*) 0x000001e35bd19150, (CMBitMap*) 0x000001e35bd19118
 Prev Bits: [0x000001e375ff0000, 0x000001e377f50000)
 Next Bits: [0x000001e374090000, 0x000001e375ff0000)

Polling page: 0x000001e359e80000

Metaspace:

Usage:
  Non-class:     50.73 MB capacity,    49.64 MB ( 98%) used,   914.88 KB (  2%) free+waste,   209.50 KB ( <1%) overhead. 
      Class:      8.09 MB capacity,     7.38 MB ( 91%) used,   621.36 KB (  8%) free+waste,   101.44 KB (  1%) overhead. 
       Both:     58.82 MB capacity,    57.02 MB ( 97%) used,     1.50 MB (  3%) free+waste,   310.94 KB ( <1%) overhead. 

Virtual space:
  Non-class space:       52.00 MB reserved,      50.92 MB ( 98%) committed 
      Class space:        1.00 GB reserved,       8.20 MB ( <1%) committed 
             Both:        1.05 GB reserved,      59.12 MB (  5%) committed 

Chunk freelists:
   Non-Class:  0 bytes
       Class:  768 bytes
        Both:  768 bytes

CodeHeap 'non-profiled nmethods': size=238336Kb used=7620Kb max_used=7620Kb free=230715Kb
 bounds [0x000001e3648d0000, 0x000001e365050000, 0x000001e373190000]
CodeHeap 'non-nmethods': size=7424Kb used=1342Kb max_used=1342Kb free=6081Kb
 bounds [0x000001e364190000, 0x000001e364400000, 0x000001e3648d0000]
 total_blobs=5368 nmethods=4719 adapters=583
 compilation: enabled
              stopped_count=0, restarted_count=0
 full_count=0

Compilation events (10 events):
Event: 458.285 Thread 0x000001e37a9be800 4712       1       java.lang.invoke.LambdaForm$MH/0x00000001007d7040::invoke (159 bytes)
Event: 458.286 Thread 0x000001e37a9be800 nmethod 4712 0x000001e36503b910 code [0x000001e36503bb20, 0x000001e36503bf58]
Event: 458.286 Thread 0x000001e37a9be800 4706       1       java.lang.String::valueOf (5 bytes)
Event: 458.286 Thread 0x000001e37a9be800 nmethod 4706 0x000001e36503c510 code [0x000001e36503c6c0, 0x000001e36503c7b8]
Event: 458.286 Thread 0x000001e37a9be800 4707       1       java.lang.Double::toString (5 bytes)
Event: 458.286 Thread 0x000001e37a9be800 nmethod 4707 0x000001e36503c890 code [0x000001e36503ca40, 0x000001e36503cb38]
Event: 458.287 Thread 0x000001e37a9be800 4708       1       jdk.internal.math.FloatingDecimal::toJavaFormatString (10 bytes)
Event: 458.287 Thread 0x000001e37a9be800 nmethod 4708 0x000001e36503cc10 code [0x000001e36503cdc0, 0x000001e36503ceb8]
Event: 458.287 Thread 0x000001e37a9be800 4709       1       jdk.internal.math.FloatingDecimal$BinaryToASCIIBuffer::toJavaFormatString (23 bytes)
Event: 458.287 Thread 0x000001e37a9be800 nmethod 4709 0x000001e36503cf90 code [0x000001e36503d160, 0x000001e36503d348]

GC Heap History (10 events):
Event: 2.641 GC heap before
{Heap before GC invocations=6 (full 0):
 garbage-first heap   total 155648K, used 99191K [0x0000000082800000, 0x0000000100000000)
  region size 1024K, 91 young (93184K), 5 survivors (5120K)
 Metaspace       used 33552K, capacity 34824K, committed 35068K, reserved 1079296K
  class space    used 4120K, capacity 4605K, committed 4684K, reserved 1048576K
}
Event: 2.648 GC heap after
{Heap after GC invocations=7 (full 0):
 garbage-first heap   total 155648K, used 15360K [0x0000000082800000, 0x0000000100000000)
  region size 1024K, 8 young (8192K), 8 survivors (8192K)
 Metaspace       used 33552K, capacity 34824K, committed 35068K, reserved 1079296K
  class space    used 4120K, capacity 4605K, committed 4684K, reserved 1048576K
}
Event: 2.800 GC heap before
{Heap before GC invocations=7 (full 0):
 garbage-first heap   total 155648K, used 47104K [0x0000000082800000, 0x0000000100000000)
  region size 1024K, 41 young (41984K), 8 survivors (8192K)
 Metaspace       used 34641K, capacity 35892K, committed 35964K, reserved 1081344K
  class space    used 4278K, capacity 4792K, committed 4812K, reserved 1048576K
}
Event: 2.808 GC heap after
{Heap after GC invocations=8 (full 0):
 garbage-first heap   total 155648K, used 16574K [0x0000000082800000, 0x0000000100000000)
  region size 1024K, 8 young (8192K), 8 survivors (8192K)
 Metaspace       used 34641K, capacity 35892K, committed 35964K, reserved 1081344K
  class space    used 4278K, capacity 4792K, committed 4812K, reserved 1048576K
}
Event: 3.716 GC heap before
{Heap before GC invocations=9 (full 0):
 garbage-first heap   total 155648K, used 90302K [0x0000000082800000, 0x0000000100000000)
  region size 1024K, 80 young (81920K), 8 survivors (8192K)
 Metaspace       used 46836K, capacity 48280K, committed 48508K, reserved 1091584K
  class space    used 5928K, capacity 6530K, committed 6604K, reserved 1048576K
}
Event: 3.727 GC heap after
{Heap after GC invocations=10 (full 0):
 garbage-first heap   total 155648K, used 19155K [0x0000000082800000, 0x0000000100000000)
  region size 1024K, 8 young (8192K), 8 survivors (8192K)
 Metaspace       used 46836K, capacity 48280K, committed 48508K, reserved 1091584K
  class space    used 5928K, capacity 6530K, committed 6604K, reserved 1048576K
}
Event: 4.839 GC heap before
{Heap before GC invocations=10 (full 0):
 garbage-first heap   total 155648K, used 96979K [0x0000000082800000, 0x0000000100000000)
  region size 1024K, 84 young (86016K), 8 survivors (8192K)
 Metaspace       used 53947K, capacity 55607K, committed 55804K, reserved 1097728K
  class space    used 7052K, capacity 7685K, committed 7756K, reserved 1048576K
}
Event: 4.850 GC heap after
{Heap after GC invocations=11 (full 0):
 garbage-first heap   total 187392K, used 22729K [0x0000000082800000, 0x0000000100000000)
  region size 1024K, 8 young (8192K), 8 survivors (8192K)
 Metaspace       used 53947K, capacity 55607K, committed 55804K, reserved 1097728K
  class space    used 7052K, capacity 7685K, committed 7756K, reserved 1048576K
}
Event: 95.940 GC heap before
{Heap before GC invocations=11 (full 0):
 garbage-first heap   total 187392K, used 59593K [0x0000000082800000, 0x0000000100000000)
  region size 1024K, 46 young (47104K), 8 survivors (8192K)
 Metaspace       used 58353K, capacity 60152K, committed 60284K, reserved 1101824K
  class space    used 7551K, capacity 8277K, committed 8396K, reserved 1048576K
}
Event: 95.957 GC heap after
{Heap after GC invocations=12 (full 0):
 garbage-first heap   total 187392K, used 24270K [0x0000000082800000, 0x0000000100000000)
  region size 1024K, 8 young (8192K), 8 survivors (8192K)
 Metaspace       used 58353K, capacity 60152K, committed 60284K, reserved 1101824K
  class space    used 7551K, capacity 8277K, committed 8396K, reserved 1048576K
}

Deoptimization events (0 events):
No events

Classes redefined (0 events):
No events

Internal exceptions (10 events):
Event: 4.521 Thread 0x000001e37caeb000 Exception <a 'java/lang/reflect/InvocationTargetException'{0x0000000088b06dd0}> (0x0000000088b06dd0) thrown at [./open/src/hotspot/share/runtime/reflection.cpp, line 1242]
Event: 4.590 Thread 0x000001e35bcda000 Exception <a 'java/lang/NoSuchMethodError'{0x0000000088525c78}: java.lang.invoke.DirectMethodHandle$Holder.invokeVirtual(Ljava/lang/Object;Ljava/lang/Object;I)V> (0x0000000088525c78) thrown at [./open/src/hotspot/share/interpreter/linkResolver.cpp, line 7
Event: 4.592 Thread 0x000001e35bcda000 Exception <a 'java/lang/NoSuchMethodError'{0x000000008853fa60}: java.lang.invoke.DirectMethodHandle$Holder.invokeVirtual(Ljava/lang/Object;Ljava/lang/Object;J)V> (0x000000008853fa60) thrown at [./open/src/hotspot/share/interpreter/linkResolver.cpp, line 7
Event: 4.731 Thread 0x000001e35bcda000 Exception <a 'java/lang/IncompatibleClassChangeError'{0x0000000087bec640}: Found class java.lang.Object, but interface was expected> (0x0000000087bec640) thrown at [./open/src/hotspot/share/interpreter/linkResolver.cpp, line 838]
Event: 4.773 Thread 0x000001e35bcda000 Exception <a 'java/lang/NoSuchMethodError'{0x000000008789a3f0}: java.lang.invoke.DirectMethodHandle$Holder.invokeStaticInit(Ljava/lang/Object;Ljava/lang/Object;Ljava/lang/Object;Ljava/lang/Object;)I> (0x000000008789a3f0) thrown at [./open/src/hotspot/shar
Event: 4.922 Thread 0x000001e35bcda000 Exception <a 'java/lang/NoSuchMethodError'{0x000000008d969680}: java.lang.invoke.DirectMethodHandle$Holder.invokeSpecial(Ljava/lang/Object;Ljava/lang/Object;ILjava/lang/Object;ILjava/lang/Object;)Ljava/lang/Object;> (0x000000008d969680) thrown at [./open/
Event: 4.923 Thread 0x000001e35bcda000 Exception <a 'java/lang/NoSuchMethodError'{0x000000008d970b60}: java.lang.invoke.DirectMethodHandle$Holder.invokeStatic(Ljava/lang/Object;Ljava/lang/Object;ILjava/lang/Object;I)Ljava/lang/Object;> (0x000000008d970b60) thrown at [./open/src/hotspot/share/i
Event: 4.923 Thread 0x000001e35bcda000 Exception <a 'java/lang/NoSuchMethodError'{0x000000008d974338}: java.lang.invoke.DirectMethodHandle$Holder.invokeSpecial(Ljava/lang/Object;Ljava/lang/Object;Ljava/lang/Object;ILjava/lang/Object;I)Ljava/lang/Object;> (0x000000008d974338) thrown at [./open/
Event: 4.924 Thread 0x000001e35bcda000 Exception <a 'java/lang/NoSuchMethodError'{0x000000008d980f00}: java.lang.invoke.DirectMethodHandle$Holder.invokeVirtual(Ljava/lang/Object;Ljava/lang/Object;)V> (0x000000008d980f00) thrown at [./open/src/hotspot/share/interpreter/linkResolver.cpp, line 77
Event: 466.191 Thread 0x000001e3003da800 Exception <a 'org/gnu/glpk/GlpkException'{0x000000008dbb4d38}: function glp_get_mat_row failed> (0x000000008dbb4d38) thrown at [./open/src/hotspot/share/prims/jni.cpp, line 632]

Events (10 events):
Event: 761.493 Executing VM operation: GetFrameLocation done
Event: 761.493 Executing VM operation: GetOrSetLocal
Event: 761.493 Executing VM operation: GetOrSetLocal done
Event: 811.389 Executing VM operation: ChangeBreakpoints
Event: 811.392 Executing VM operation: ChangeBreakpoints done
Event: 811.393 Executing VM operation: ChangeBreakpoints
Event: 811.393 Executing VM operation: ChangeBreakpoints done
Event: 811.393 Executing VM operation: ChangeBreakpoints
Event: 811.394 Executing VM operation: ChangeBreakpoints done
Event: 811.394 Executing VM operation: ChangeBreakpoints


Dynamic libraries:
0x00007ff649580000 - 0x00007ff64958f000 	C:\Program Files\Java\jdk-11.0.12\bin\java.exe
0x00007ffbf4c00000 - 0x00007ffbf4e09000 	C:\WINDOWS\SYSTEM32\ntdll.dll
0x00007ffbf3710000 - 0x00007ffbf37cd000 	C:\WINDOWS\System32\KERNEL32.DLL
0x00007ffbf23d0000 - 0x00007ffbf274d000 	C:\WINDOWS\System32\KERNELBASE.dll
0x00007ffbf2970000 - 0x00007ffbf2a81000 	C:\WINDOWS\System32\ucrtbase.dll
0x00007ffbcf680000 - 0x00007ffbcf695000 	C:\Program Files\Java\jdk-11.0.12\bin\VCRUNTIME140.dll
0x00007ffbe0840000 - 0x00007ffbe0858000 	C:\Program Files\Java\jdk-11.0.12\bin\jli.dll
0x00007ffbf3cf0000 - 0x00007ffbf3d9e000 	C:\WINDOWS\System32\ADVAPI32.dll
0x00007ffbf4830000 - 0x00007ffbf48d3000 	C:\WINDOWS\System32\msvcrt.dll
0x00007ffbf2f60000 - 0x00007ffbf2ffe000 	C:\WINDOWS\System32\sechost.dll
0x00007ffbf2b40000 - 0x00007ffbf2c60000 	C:\WINDOWS\System32\RPCRT4.dll
0x00007ffbf2c60000 - 0x00007ffbf2e0d000 	C:\WINDOWS\System32\USER32.dll
0x00007ffbf28c0000 - 0x00007ffbf28e6000 	C:\WINDOWS\System32\win32u.dll
0x00007ffbf4660000 - 0x00007ffbf4689000 	C:\WINDOWS\System32\GDI32.dll
0x00007ffbf22b0000 - 0x00007ffbf23c8000 	C:\WINDOWS\System32\gdi32full.dll
0x00007ffbf20e0000 - 0x00007ffbf217d000 	C:\WINDOWS\System32\msvcp_win.dll
0x00007ffbebdf0000 - 0x00007ffbebdfa000 	C:\WINDOWS\SYSTEM32\VERSION.dll
0x00007ffbcf300000 - 0x00007ffbcf5a5000 	C:\WINDOWS\WinSxS\amd64_microsoft.windows.common-controls_6595b64144ccf1df_6.0.22000.120_none_9d947278b86cc467\COMCTL32.dll
0x00007ffbf3bc0000 - 0x00007ffbf3bf1000 	C:\WINDOWS\System32\IMM32.DLL
0x00007ffb85460000 - 0x00007ffb854fb000 	C:\Program Files\Java\jdk-11.0.12\bin\msvcp140.dll
0x00007ffb6b1c0000 - 0x00007ffb6bcbf000 	C:\Program Files\Java\jdk-11.0.12\bin\server\jvm.dll
0x00007ffbf3600000 - 0x00007ffbf3608000 	C:\WINDOWS\System32\PSAPI.DLL
0x00007ffbd8540000 - 0x00007ffbd8549000 	C:\WINDOWS\SYSTEM32\WSOCK32.dll
0x00007ffbf4990000 - 0x00007ffbf49ff000 	C:\WINDOWS\System32\WS2_32.dll
0x00007ffbed2b0000 - 0x00007ffbed2e3000 	C:\WINDOWS\SYSTEM32\WINMM.dll
0x00007ffbf12a0000 - 0x00007ffbf12b8000 	C:\WINDOWS\SYSTEM32\kernel.appcore.dll
0x00007ffbcf670000 - 0x00007ffbcf680000 	C:\Program Files\Java\jdk-11.0.12\bin\verify.dll
0x00007ffbe0f30000 - 0x00007ffbe1151000 	C:\WINDOWS\SYSTEM32\DBGHELP.DLL
0x00007ffbdcce0000 - 0x00007ffbdcd11000 	C:\WINDOWS\SYSTEM32\dbgcore.DLL
0x00007ffbf28f0000 - 0x00007ffbf296f000 	C:\WINDOWS\System32\bcryptPrimitives.dll
0x00007ffbb61a0000 - 0x00007ffbb61c8000 	C:\Program Files\Java\jdk-11.0.12\bin\java.dll
0x00007ffbcf660000 - 0x00007ffbcf66a000 	C:\Program Files\Java\jdk-11.0.12\bin\jimage.dll
0x00007ffbb5d60000 - 0x00007ffbb5d98000 	C:\Program Files\Java\jdk-11.0.12\bin\jdwp.dll
0x00007ffbcb7c0000 - 0x00007ffbcb7ce000 	C:\Program Files\Java\jdk-11.0.12\bin\instrument.dll
0x00007ffbb7690000 - 0x00007ffbb76a6000 	C:\Program Files\Java\jdk-11.0.12\bin\zip.dll
0x00007ffbf3e80000 - 0x00007ffbf4638000 	C:\WINDOWS\System32\SHELL32.dll
0x00007ffbf0210000 - 0x00007ffbf0a78000 	C:\WINDOWS\SYSTEM32\windows.storage.dll
0x00007ffbf37d0000 - 0x00007ffbf3b49000 	C:\WINDOWS\System32\combase.dll
0x00007ffbf00a0000 - 0x00007ffbf0206000 	C:\WINDOWS\SYSTEM32\wintypes.dll
0x00007ffbf3c00000 - 0x00007ffbf3cea000 	C:\WINDOWS\System32\SHCORE.dll
0x00007ffbf3010000 - 0x00007ffbf306d000 	C:\WINDOWS\System32\shlwapi.dll
0x00007ffbf2010000 - 0x00007ffbf2031000 	C:\WINDOWS\SYSTEM32\profapi.dll
0x00007ffbca3a0000 - 0x00007ffbca3aa000 	C:\Program Files\Java\jdk-11.0.12\bin\dt_socket.dll
0x00007ffbf1700000 - 0x00007ffbf1767000 	C:\WINDOWS\system32\mswsock.dll
0x00007ffbb5e30000 - 0x00007ffbb5e49000 	C:\Program Files\Java\jdk-11.0.12\bin\net.dll
0x00007ffbeca10000 - 0x00007ffbecb1c000 	C:\WINDOWS\SYSTEM32\WINHTTP.dll
0x00007ffbb3860000 - 0x00007ffbb3872000 	C:\Program Files\Java\jdk-11.0.12\bin\nio.dll
0x00007ffbf0db0000 - 0x00007ffbf0e98000 	C:\WINDOWS\SYSTEM32\DNSAPI.dll
0x00007ffbf0d80000 - 0x00007ffbf0dad000 	C:\WINDOWS\SYSTEM32\IPHLPAPI.DLL
0x00007ffbf2f50000 - 0x00007ffbf2f59000 	C:\WINDOWS\System32\NSI.dll
0x00007ffbea500000 - 0x00007ffbea50a000 	C:\Windows\System32\rasadhlp.dll
0x00007ffbea8a0000 - 0x00007ffbea921000 	C:\WINDOWS\System32\fwpuclnt.dll
0x00007ffbc9890000 - 0x00007ffbc9899000 	C:\Program Files\Java\jdk-11.0.12\bin\management.dll
0x00007ffbc8e90000 - 0x00007ffbc8e9b000 	C:\Program Files\Java\jdk-11.0.12\bin\management_ext.dll
0x00007ffbf1940000 - 0x00007ffbf1958000 	C:\WINDOWS\SYSTEM32\CRYPTSP.dll
0x00007ffbf1190000 - 0x00007ffbf11c5000 	C:\WINDOWS\system32\rsaenh.dll
0x00007ffbf17f0000 - 0x00007ffbf1819000 	C:\WINDOWS\SYSTEM32\USERENV.dll
0x00007ffbf1ac0000 - 0x00007ffbf1ae7000 	C:\WINDOWS\SYSTEM32\bcrypt.dll
0x00007ffbf1960000 - 0x00007ffbf196c000 	C:\WINDOWS\SYSTEM32\CRYPTBASE.dll
0x00007ffbec860000 - 0x00007ffbec879000 	C:\WINDOWS\SYSTEM32\dhcpcsvc6.DLL
0x00007ffbecb70000 - 0x00007ffbecb8e000 	C:\WINDOWS\SYSTEM32\dhcpcsvc.DLL
0x00007ffbd6600000 - 0x00007ffbd6617000 	C:\WINDOWS\system32\napinsp.dll
0x00007ffbd3500000 - 0x00007ffbd351b000 	C:\WINDOWS\system32\pnrpnsp.dll
0x00007ffbd34e0000 - 0x00007ffbd34f2000 	C:\WINDOWS\System32\winrnr.dll
0x00007ffbd34c0000 - 0x00007ffbd34d5000 	C:\WINDOWS\system32\wshbth.dll
0x00007ffbd34a0000 - 0x00007ffbd34bf000 	C:\WINDOWS\system32\nlansp_c.dll
0x00007ffbb2ec0000 - 0x00007ffbb2ee5000 	C:\Program Files\Java\jdk-11.0.12\bin\sunec.dll
0x00007ffbc8090000 - 0x00007ffbc809d000 	C:\Program Files\Java\jdk-11.0.12\bin\sunmscapi.dll
0x00007ffbf2750000 - 0x00007ffbf28b2000 	C:\WINDOWS\System32\CRYPT32.dll
0x00007ffbf1a90000 - 0x00007ffbf1ab8000 	C:\WINDOWS\SYSTEM32\ncrypt.dll
0x00007ffbf1a50000 - 0x00007ffbf1a87000 	C:\WINDOWS\SYSTEM32\NTASN1.dll
0x00007ffb853a0000 - 0x00007ffb8545c000 	C:\Program Files\GLPK\w64\glpk_4_65_java.dll
0x00007ffb755f0000 - 0x00007ffb757c3000 	C:\Program Files\GLPK\w64\glpk_4_65.dll

dbghelp: loaded successfully - version: 4.0.5 - missing functions: none
symbol engine: initialized successfully - sym options: 0x614 - pdb path: .;C:\Program Files\Java\jdk-11.0.12\bin;C:\WINDOWS\SYSTEM32;C:\WINDOWS\WinSxS\amd64_microsoft.windows.common-controls_6595b64144ccf1df_6.0.22000.120_none_9d947278b86cc467;C:\Program Files\Java\jdk-11.0.12\bin\server;C:\Program Files\GLPK\w64

VM Arguments:
jvm_args: -agentlib:jdwp=transport=dt_socket,address=127.0.0.1:64895,suspend=y,server=n -XX:TieredStopAtLevel=1 -Xverify:none -Dspring.output.ansi.enabled=always -javaagent:C:\Users\patri\AppData\Local\JetBrains\IntelliJIdea2021.2\captureAgent\debugger-agent.jar -Dcom.sun.management.jmxremote -Dspring.jmx.enabled=true -Dspring.liveBeansView.mbeanDomain -Dspring.application.admin.enabled=true -Dfile.encoding=UTF-8 
java_command: com.example.agricultureoptimizerbackend.AgricultureOptimizerBackendApplication
java_class_path (initial): C:\Users\patri\OneDrive\Desktop\Projects\agriculture-optimizer-backend\target\classes;C:\Users\patri\.m2\repository\org\springframework\boot\spring-boot-starter-data-jpa\2.7.2\spring-boot-starter-data-jpa-2.7.2.jar;C:\Users\patri\.m2\repository\org\springframework\boot\spring-boot-starter-aop\2.7.2\spring-boot-starter-aop-2.7.2.jar;C:\Users\patri\.m2\repository\org\aspectj\aspectjweaver\1.9.7\aspectjweaver-1.9.7.jar;C:\Users\patri\.m2\repository\org\springframework\boot\spring-boot-starter-jdbc\2.7.2\spring-boot-starter-jdbc-2.7.2.jar;C:\Users\patri\.m2\repository\com\zaxxer\HikariCP\4.0.3\HikariCP-4.0.3.jar;C:\Users\patri\.m2\repository\org\springframework\spring-jdbc\5.3.22\spring-jdbc-5.3.22.jar;C:\Users\patri\.m2\repository\jakarta\transaction\jakarta.transaction-api\1.3.3\jakarta.transaction-api-1.3.3.jar;C:\Users\patri\.m2\repository\jakarta\persistence\jakarta.persistence-api\2.2.3\jakarta.persistence-api-2.2.3.jar;C:\Users\patri\.m2\repository\org\hibernate\hibernate-core\5.6.10.Final\hibernate-core-5.6.10.Final.jar;C:\Users\patri\.m2\repository\org\jboss\logging\jboss-logging\3.4.3.Final\jboss-logging-3.4.3.Final.jar;C:\Users\patri\.m2\repository\net\bytebuddy\byte-buddy\1.12.12\byte-buddy-1.12.12.jar;C:\Users\patri\.m2\repository\antlr\antlr\2.7.7\antlr-2.7.7.jar;C:\Users\patri\.m2\repository\org\jboss\jandex\2.4.2.Final\jandex-2.4.2.Final.jar;C:\Users\patri\.m2\repository\com\fasterxml\classmate\1.5.1\classmate-1.5.1.jar;C:\Users\patri\.m2\repository\org\hibernate\common\hibernate-commons-annotations\5.1.2.Final\hibernate-commons-annotations-5.1.2.Final.jar;C:\Users\patri\.m2\repository\org\glassfish\jaxb\jaxb-runtime\2.3.6\jaxb-runtime-2.3.6.jar;C:\Users\patri\.m2\repository\org\glassfish\jaxb\txw2\2.3.6\txw2-2.3.6.jar;C:\Users\patri\.m2\repository\com\sun\istack\istack-commons-runtime\3.0.12\istack-commons-runtime-3.0.12.jar;C:\Users\patri\.m2\repository\com\sun\activation\jakarta.activation\1.2.2\jakarta.activation-1.2.2.ja
Launcher Type: SUN_STANDARD

[Global flags]
     bool BytecodeVerificationLocal                = false                                     {product} {command line}
     bool BytecodeVerificationRemote               = false                                     {product} {command line}
     intx CICompilerCount                          = 4                                         {product} {ergonomic}
     uint ConcGCThreads                            = 2                                         {product} {ergonomic}
     uint G1ConcRefinementThreads                  = 8                                         {product} {ergonomic}
   size_t G1HeapRegionSize                         = 1048576                                   {product} {ergonomic}
    uintx GCDrainStackTargetSize                   = 64                                        {product} {ergonomic}
   size_t InitialHeapSize                          = 132120576                                 {product} {ergonomic}
     bool ManagementServer                         = true                                      {product} {command line}
   size_t MarkStackSize                            = 4194304                                   {product} {ergonomic}
   size_t MaxHeapSize                              = 2105540608                                {product} {ergonomic}
   size_t MaxNewSize                               = 1262485504                                {product} {ergonomic}
   size_t MinHeapDeltaBytes                        = 1048576                                   {product} {ergonomic}
    uintx NonNMethodCodeHeapSize                   = 7549744                                {pd product} {ergonomic}
    uintx NonProfiledCodeHeapSize                  = 244108496                              {pd product} {ergonomic}
    uintx ProfiledCodeHeapSize                     = 0                                      {pd product} {ergonomic}
    uintx ReservedCodeCacheSize                    = 251658240                              {pd product} {ergonomic}
     bool SegmentedCodeCache                       = true                                      {product} {ergonomic}
     intx TieredStopAtLevel                        = 1                                         {product} {command line}
     bool UseCompressedClassPointers               = true                                 {lp64_product} {ergonomic}
     bool UseCompressedOops                        = true                                 {lp64_product} {ergonomic}
     bool UseG1GC                                  = true                                      {product} {ergonomic}
     bool UseLargePagesIndividualAllocation        = false                                  {pd product} {ergonomic}

Logging:
Log output configuration:
 #0: stdout all=warning uptime,level,tags
 #1: stderr all=off uptime,level,tags

Environment Variables:
JAVA_HOME=C:\Program Files\Java\jdk1.8.0_241
PATH=C:\gurobi952\win64\bin;C:\Program Files\Java\jdk1.8.0_241\bin;C:\Program Files\Common Files\Oracle\Java\javapath;C:\Program Files (x86)\Common Files\Oracle\Java\javapath;C:\Python310\Scripts\;C:\Python310\;C:\Windows\system32;C:\Windows;C:\Windows\System32\Wbem;C:\Windows\System32\WindowsPowerShell\v1.0\;C:\Windows\System32\OpenSSH\;C:\Program Files (x86)\NVIDIA Corporation\PhysX\Common;C:\Program Files\NVIDIA Corporation\NVIDIA NvDLISR;C:\Program Files\nodejs\;C:\ProgramData\chocolatey\bin;C:\Users\patri\AppData\Local\Android\Sdk\emulator;C:\Users\patri\AppData\Local\Android\Sdk\tools;C:\Users\patri\AppData\Local\Android\Sdk\platform-tools;C:\Program Files (x86)\Certbot\bin;C:\Program Files\PuTTY\;C:\cygwin64\bin;C:\Program Files\MySQL\MySQL Server 5.7\bin;C:\flutter\bin;C:\WINDOWS\system32;C:\WINDOWS;C:\WINDOWS\System32\Wbem;C:\WINDOWS\System32\WindowsPowerShell\v1.0\;C:\WINDOWS\System32\OpenSSH\;C:\Program Files\Git\cmd;C:\Program Files (x86)\Calibre2\;C:\Program Files\GLPK\w64;C:\Program Files\MySQL\MySQL Shell 8.0\bin\;C:\Users\patri\AppData\Local\Microsoft\WindowsApps;C:\Users\patri\AppData\Roaming\npm;C:\Users\patri\AppData\Local\GitHubDesktop\bin;C:\Users\patri\AppData\Local\Programs\Microsoft VS Code\bin;C:\Program Files\JetBrains\IntelliJ IDEA 2021.2.3\bin;;C:\Users\patri\AppData\Local\Android\Sdk\emulator;C:\Users\patri\AppData\Local\Android\Sdk\tools;C:\Users\patri\AppData\Local\Android\Sdk\platform-tools;C:\Program Files\OpenSSL-Win64\bin;C:\Program Files\Java\jdk1.8.0_241\bin;C:\Program Files\Heroku\bin;C:\Program Files\GLPK\w64;;C:\Program Files\JetBrains\PyCharm 2022.2\bin;
USERNAME=patri
OS=Windows_NT
PROCESSOR_IDENTIFIER=Intel64 Family 6 Model 142 Stepping 12, GenuineIntel



---------------  S Y S T E M  ---------------

OS: Windows 10 , 64 bit Build 22000 (10.0.22000.708)
Hyper-V role detected

CPU:total 8 (initial active 8) (4 cores per cpu, 2 threads per core) family 6 model 142 stepping 12 microcode 0xde, cmov, cx8, fxsr, mmx, sse, sse2, sse3, ssse3, sse4.1, sse4.2, popcnt, avx, avx2, aes, clmul, erms, 3dnowpref, lzcnt, ht, tsc, tscinvbit, bmi1, bmi2, adx, fma

Memory: 4k page, system-wide physical 8025M (924M free)
TotalPageFile size 22757M (AvailPageFile size 2901M)
current process WorkingSet (physical memory assigned to process): 32M, peak: 270M
current process commit charge ("private bytes"): 351M, peak: 351M

vm_info: Java HotSpot(TM) 64-Bit Server VM (11.0.12+8-LTS-237) for windows-amd64 JRE (11.0.12+8-LTS-237), built on Jun  8 2021 11:25:59 by "mach5one" with MS VC++ 15.9 (VS2017)

END.
